[35m[1mScanning dependencies of target 3omni[0m
[ 50%] [32mBuilding CXX object CMakeFiles/3omni.dir/src/3omni.cpp.o[0m
[01m[K/home/m/cubic_ws/src/omni/src/3omni.cpp:24:8:[m[K [01;31m[Kerror: [m[K‘[01m[Kdouble time[m[K’ redeclared as different kind of entity
   24 | double [01;31m[Ktime[m[K;
      |        [01;31m[K^~~~[m[K
In file included from [01m[K/usr/include/pthread.h:23[m[K,
                 from [01m[K/usr/include/x86_64-linux-gnu/c++/9/bits/gthr-default.h:35[m[K,
                 from [01m[K/usr/include/x86_64-linux-gnu/c++/9/bits/gthr.h:148[m[K,
                 from [01m[K/usr/include/c++/9/ext/atomicity.h:35[m[K,
                 from [01m[K/usr/include/c++/9/bits/basic_string.h:39[m[K,
                 from [01m[K/usr/include/c++/9/string:55[m[K,
                 from [01m[K/opt/ros/noetic/include/ros/platform.h:38[m[K,
                 from [01m[K/opt/ros/noetic/include/ros/time.h:53[m[K,
                 from [01m[K/opt/ros/noetic/include/ros/ros.h:38[m[K,
                 from [01m[K/home/m/cubic_ws/src/omni/src/3omni.cpp:1[m[K:
[01m[K/usr/include/time.h:75:15:[m[K [01;36m[Knote: [m[Kprevious declaration ‘[01m[Ktime_t time(time_t*)[m[K’
   75 | extern time_t [01;36m[Ktime[m[K (time_t *__timer) __THROW;
      |               [01;36m[K^~~~[m[K
[01m[K/home/m/cubic_ws/src/omni/src/3omni.cpp:[m[K In function ‘[01m[Kvoid target_culc()[m[K’:
[01m[K/home/m/cubic_ws/src/omni/src/3omni.cpp:41:22:[m[K [01;31m[Kerror: [m[Kinvalid operands of types ‘[01m[Kint[m[K’ and ‘[01m[Ktime_t(time_t*) throw ()[m[K’ {aka ‘[01m[Klong int(long int*)[m[K’} to binary ‘[01m[Koperator/[m[K’
   41 |   s_raw[i] = [32m[Ke_raw[i][m[K[01;31m[K/[m[K[34m[Ktime[m[K;//時間あたりのパルス
      |              [32m[K~~~~~~~~[m[K[01;31m[K^[m[K[34m[K~~~~[m[K
      |                     [32m[K|[m[K [34m[K|[m[K
      |                     [32m[K|[m[K [34m[Ktime_t(time_t*) throw () {aka long int(long int*)}[m[K
      |                     [32m[Kint[m[K
[01m[K/home/m/cubic_ws/src/omni/src/3omni.cpp:50:7:[m[K [01;31m[Kerror: [m[K‘[01m[Ke[m[K’ was not declared in this scope
   50 |       [01;31m[Ke[m[K[i] = (int)((s_raw[i] / s_sum)*100);
      |       [01;31m[K^[m[K
[01m[K/home/m/cubic_ws/src/omni/src/3omni.cpp:52:14:[m[K [01;31m[Kerror: [m[K‘[01m[Ke_sum[m[K’ was not declared in this scope; did you mean ‘[01m[Ks_sum[m[K’?
   52 |     }else if([01;31m[Ke_sum[m[K == 0){//エラー
      |              [01;31m[K^~~~~[m[K
      |              [32m[Ks_sum[m[K
[01m[K/home/m/cubic_ws/src/omni/src/3omni.cpp:56:9:[m[K [01;31m[Kerror: [m[K‘[01m[Ke[m[K’ was not declared in this scope
   56 |         [01;31m[Ke[m[K[0] = e_raw[0];
      |         [01;31m[K^[m[K
[01m[K/home/m/cubic_ws/src/omni/src/3omni.cpp:[m[K In function ‘[01m[Kvoid publish()[m[K’:
[01m[K/home/m/cubic_ws/src/omni/src/3omni.cpp:86:18:[m[K [01;31m[Kerror: [m[K‘[01m[Ke[m[K’ was not declared in this scope
   86 |  order.data[i] = [01;31m[Ke[m[K[i];
      |                  [01;31m[K^[m[K
[01m[K/home/m/cubic_ws/src/omni/src/3omni.cpp:[m[K In function ‘[01m[Kint main(int, char**)[m[K’:
[01m[K/home/m/cubic_ws/src/omni/src/3omni.cpp:114:14:[m[K [01;31m[Kerror: [m[Kassignment of function ‘[01m[Ktime_t time(time_t*)[m[K’
  114 |         [01;31m[Ktime = (double)start - end[m[K;
      |         [01;31m[K~~~~~^~~~~~~~~~~~~~~~~~~~~[m[K
make[2]: *** [CMakeFiles/3omni.dir/build.make:63: CMakeFiles/3omni.dir/src/3omni.cpp.o] エラー 1
make[1]: *** [CMakeFiles/Makefile2:155: CMakeFiles/3omni.dir/all] エラー 2
make: *** [Makefile:141: all] エラー 2
